<?xml version="1.0" encoding="UTF-8"?>
<!-- Generated by org.testng.reporters.JUnitReportReporter -->
<testsuite hostname="Umair-Boota-3520" failures="0" tests="3" name="com.qa.tests.TaskFourTests" time="33.050" errors="0" timestamp="2024-02-25T21:52:47 PKT" skipped="0">
  <testcase classname="com.qa.tests.TaskFourTests" name="pageTitleNameTest" time="0.013"/>
  <testcase classname="com.qa.tests.TaskFourTests" name="scenario_one" time="8.848"/>
  <testcase classname="com.qa.tests.TaskFourTests" name="scenario_two" time="24.189"/>
</testsuite> <!-- com.qa.tests.TaskFourTests -->
